autocore automount base-files block-mount ca-bundle default-settings dropbear fdisk firewall4 fstools grub2-bios-setup i915-firmware-dmc kmod-8139cp kmod-8139too kmod-e1000e kmod-fs-f2fs kmod-nft-offload kmod-r8101 kmod-r8125 kmod-r8126 kmod-r8168 kmod-usb-hid libustream-openssl logd luci-app-package-manager luci-light mkf2fs mtd netifd nftables odhcp6c odhcpd-ipv6only opkg partx-utils ppp ppp-mod-pppoe procd-ujail uci uclient-fetch urandom-seed urngd

curl
docker
dockerd
htop
iperf3
ip-full
less
losetup
lsblk
luci-app-hd-idle
luci-proto-gre
luci-proto-vxlan
luci-proto-wireguard
mtr
ncdu
nnn
owut
pv
ripgrep
rsync
ss
tmux
xxhash
xz
zram-swap
zsh
