autocore
base-files
block-mount
bridger
ca-bundle
default-settings-chn
dnsmasq-full
dropbear
firewall4
fitblk
fstools
kmod-crypto-hw-safexcel
kmod-gpio-button-hotplug
kmod-leds-gpio
kmod-nf-nathelper
kmod-nf-nathelper-extra
kmod-nft-offload
kmod-phy-aquantia
libc
libgcc
libustream-openssl
logd
luci-app-package-manager
luci-compat
luci-lib-base
luci-lib-ipkg
luci-light
mtd
netifd
nftables
odhcp6c
odhcpd-ipv6only
opkg
ppp
ppp-mod-pppoe
procd-ujail
uboot-envtools
uci
uclient-fetch
urandom-seed
urngd
wpad-openssl
kmod-mt7915e
kmod-mt7981-firmware
mt7981-wo-firmware

beep
chinadns-ng
curl
docker
dockerd
git
htop
iperf3
ip-full
jq
less
losetup
lsblk
lsof
luci-app-adblock-fast
luci-app-acme
luci-app-arpbind
luci-app-banip
luci-app-bcp38
luci-app-commands
luci-app-diskman
luci-app-ddns
luci-app-dufs
luci-app-eqos
luci-app-homeproxy
luci-app-hd-idle
luci-app-kcptun
luci-app-nft-qos
luci-app-pbr
luci-app-qos
luci-app-ramfree
luci-app-upnp
luci-app-watchcat
luci-app-wol
luci-app-xfrpc
luci-proto-gre
luci-proto-ipip
luci-proto-openconnect
luci-proto-vxlan
luci-proto-wireguard
mtr
ncdu
nginx-mod-luci
nmap-ssl
nnn
owut
pv
ripgrep
rsync
ss
tcpdump
tmux
vim-full
vim-runtime
xray-core
xxhash
xz
zram-swap
zsh
