autocore automount base-files default-settings-chn dnsmasq-full dropbear fdisk fstools grub2-bios-setup i915-firmware-dmc kmod-fs-f2fs kmod-nf-nathelper kmod-nf-nathelper-extra kmod-nft-offload kmod-r8168 kmod-usb-hid kmod-usb-net logd luci-app-package-manager luci-compat luci-lib-ipkg luci-light mkf2fs mtd netifd nftables odhcp6c odhcpd-ipv6only opkg partx-utils ppp-mod-pppoe procd-ujail uci uclient-fetch urandom-seed urngd kmod-e1000e kmod-via-rhine kmod-drm-i915

beep
bluez-utils
curl
dbus
docker
dockerd
file
git
htop
iperf3
losetup
lsblk
lsof
luci-i18n-bcp38-zh-cn
luci-i18n-firewall-zh-cn
luci-i18n-package-manager-zh-cn
luci-i18n-watchcat-zh-cn
luci-i18n-xfrpc-zh-cn
luci-proto-batman-adv
luci-proto-gre
luci-proto-ipip
luci-proto-vxlan
luci-proto-wireguard
mtr
ncdu
nnn
pciutils
pv
ripgrep
rsync
tmux
usbutils
vim-full
vim-runtime
xz
zram-swap
zsh
